Log file open, 10/19/20 18:16:21
LogInit: Display: Running engine for game: Litterbox
LogPlatformFile: Not using cached read wrapper
LogTaskGraph: Started task graph with 5 named threads and 26 total threads with 3 sets of task threads.
LogStats: Stats thread started at 0.162929
LogD3D11RHI: Loaded GFSDK_Aftermath_Lib.x64.dll
LogICUInternationalization: ICU TimeZone Detection - Raw Offset: +1:00, Platform Override: ''
LogPluginManager: Mounting plugin Paper2D
LogPluginManager: Mounting plugin AISupport
LogPluginManager: Mounting plugin LightPropagationVolume
LogPluginManager: Mounting plugin CameraShakePreviewer
LogPluginManager: Mounting plugin ActorLayerUtilities
LogPluginManager: Mounting plugin AnimationSharing
LogPluginManager: Mounting plugin CLionSourceCodeAccess
LogPluginManager: Mounting plugin CodeLiteSourceCodeAccess
LogPluginManager: Mounting plugin GitSourceControl
LogPluginManager: Mounting plugin KDevelopSourceCodeAccess
LogPluginManager: Mounting plugin NullSourceCodeAccess
LogPluginManager: Mounting plugin PerforceSourceControl
LogPluginManager: Mounting plugin PlasticSourceControl
LogPluginManager: Mounting plugin RiderSourceCodeAccess
LogPluginManager: Mounting plugin SubversionSourceControl
LogPluginManager: Mounting plugin UObjectPlugin
LogPluginManager: Mounting plugin VisualStudioCodeSourceCodeAccess
LogPluginManager: Mounting plugin VisualStudioSourceCodeAccess
LogPluginManager: Mounting plugin XCodeSourceCodeAccess
LogPluginManager: Mounting plugin AssetManagerEditor
LogPluginManager: Mounting plugin CryptoKeys
LogPluginManager: Mounting plugin CurveEditorTools
LogPluginManager: Mounting plugin DataValidation
LogPluginManager: Mounting plugin EditorScriptingUtilities
LogPluginManager: Mounting plugin FacialAnimation
LogPluginManager: Mounting plugin GameplayTagsEditor
LogPluginManager: Mounting plugin GeometryMode
LogPluginManager: Mounting plugin MacGraphicsSwitching
LogPluginManager: Mounting plugin MaterialAnalyzer
LogPluginManager: Mounting plugin MobileLauncherProfileWizard
LogPluginManager: Mounting plugin PluginBrowser
LogPluginManager: Mounting plugin SpeedTreeImporter
LogPluginManager: Mounting plugin DatasmithContent
LogPluginManager: Mounting plugin VariantManagerContent
LogPluginManager: Mounting plugin AlembicImporter
LogPluginManager: Mounting plugin AutomationUtils
LogPluginManager: Mounting plugin BackChannel
LogPluginManager: Mounting plugin ChaosCloth
LogPluginManager: Mounting plugin ChaosClothEditor
LogPluginManager: Mounting plugin ChaosEditor
LogPluginManager: Mounting plugin ChaosNiagara
LogPluginManager: Mounting plugin ChaosSolverPlugin
LogPluginManager: Mounting plugin CharacterAI
LogPluginManager: Mounting plugin GeometryCache
LogPluginManager: Mounting plugin GeometryCollectionPlugin
LogPluginManager: Mounting plugin GeometryProcessing
LogPluginManager: Mounting plugin PlanarCut
LogPluginManager: Mounting plugin PlatformCrypto
LogPluginManager: Mounting plugin ProxyLODPlugin
LogPluginManager: Mounting plugin SkeletalReduction
LogPluginManager: Mounting plugin Niagara
LogPluginManager: Mounting plugin MagicLeap
LogPluginManager: Mounting plugin MagicLeapLightEstimation
LogPluginManager: Mounting plugin MagicLeapMedia
LogPluginManager: Mounting plugin MagicLeapPassableWorld
LogPluginManager: Mounting plugin MLSDK
LogPluginManager: Mounting plugin AutoSizeComments
LogPluginManager: Mounting plugin AndroidMedia
LogPluginManager: Mounting plugin AvfMedia
LogPluginManager: Mounting plugin ImgMedia
LogPluginManager: Mounting plugin MediaCompositing
LogPluginManager: Mounting plugin MediaPlayerEditor
LogPluginManager: Mounting plugin WebMMedia
LogPluginManager: Mounting plugin WmfMedia
LogPluginManager: Mounting plugin MeshPainting
LogPluginManager: Mounting plugin TcpMessaging
LogPluginManager: Mounting plugin UdpMessaging
LogPluginManager: Mounting plugin ActorSequence
LogPluginManager: Mounting plugin LevelSequenceEditor
LogPluginManager: Mounting plugin MatineeToLevelSequence
LogPluginManager: Mounting plugin MovieRenderPipeline
LogPluginManager: Mounting plugin TemplateSequence
LogPluginManager: Mounting plugin NetcodeUnitTest
LogPluginManager: Mounting plugin NUTUnrealEngine4
LogPluginManager: Mounting plugin OnlineSubsystemGooglePlay
LogPluginManager: Mounting plugin OnlineSubsystemIOS
LogPluginManager: Mounting plugin OnlineSubsystem
LogPluginManager: Mounting plugin OnlineSubsystemNull
LogPluginManager: Mounting plugin OnlineSubsystemUtils
LogPluginManager: Mounting plugin LauncherChunkInstaller
LogPluginManager: Mounting plugin AndroidDeviceProfileSelector
LogPluginManager: Mounting plugin AndroidMoviePlayer
LogPluginManager: Mounting plugin AndroidPermission
LogPluginManager: Mounting plugin ApexDestruction
LogPluginManager: Mounting plugin AppleImageUtils
LogPluginManager: Mounting plugin AppleMoviePlayer
LogPluginManager: Mounting plugin ArchVisCharacter
LogPluginManager: Mounting plugin AssetTags
LogPluginManager: Mounting plugin AudioCapture
LogPluginManager: Mounting plugin CableComponent
LogPluginManager: Mounting plugin CustomMeshComponent
LogPluginManager: Mounting plugin EditableMesh
LogPluginManager: Mounting plugin ExampleDeviceProfileSelector
LogPluginManager: Mounting plugin GoogleCloudMessaging
LogPluginManager: Mounting plugin GooglePAD
LogPluginManager: Mounting plugin IOSDeviceProfileSelector
LogPluginManager: Mounting plugin LinuxDeviceProfileSelector
LogPluginManager: Mounting plugin LocationServicesBPLibrary
LogPluginManager: Mounting plugin MobilePatchingUtils
LogPluginManager: Mounting plugin OculusVR
LogPluginManager: Mounting plugin PhysXVehicles
LogPluginManager: Mounting plugin PostSplashScreen
LogPluginManager: Mounting plugin ProceduralMeshComponent
LogPluginManager: Mounting plugin RuntimePhysXCooking
LogPluginManager: Mounting plugin SignificanceManager
LogPluginManager: Mounting plugin SoundFields
LogPluginManager: Mounting plugin SteamVR
LogPluginManager: Mounting plugin Synthesis
LogPluginManager: Mounting plugin WebMMoviePlayer
LogPluginManager: Mounting plugin WindowsMoviePlayer
LogPluginManager: Mounting plugin ScreenshotTools
LogInit: Using libcurl 7.55.1-DEV
LogInit:  - built for x86_64-pc-win32
LogInit:  - supports SSL with OpenSSL/1.1.1
LogInit:  - supports HTTP deflate (compression) using libz 1.2.8
LogInit:  - other features:
LogInit:      CURL_VERSION_SSL
LogInit:      CURL_VERSION_LIBZ
LogInit:      CURL_VERSION_IPV6
LogInit:      CURL_VERSION_ASYNCHDNS
LogInit:      CURL_VERSION_LARGEFILE
LogInit:      CURL_VERSION_IDN
LogInit:  CurlRequestOptions (configurable via config and command line):
LogInit:  - bVerifyPeer = true  - Libcurl will verify peer certificate
LogInit:  - bUseHttpProxy = false  - Libcurl will NOT use HTTP proxy
LogInit:  - bDontReuseConnections = false  - Libcurl will reuse connections
LogInit:  - MaxHostConnections = 16  - Libcurl will limit the number of connections to a host
LogInit:  - LocalHostAddr = Default
LogInit:  - BufferSize = 65536
LogOnline: OSS: Creating online subsystem instance for: NULL
LogInit: WinSock: version 1.1 (2.2), MaxSocks=32767, MaxUdp=65467
LogOnline: OSS: TryLoadSubsystemAndSetDefault: Loaded subsystem for module [NULL]
LogInit: Build: ++UE4+Release-4.25-CL-13942748
LogInit: Engine Version: 4.25.3-13942748+++UE4+Release-4.25
LogInit: Compatible Engine Version: 4.25.0-13144385+++UE4+Release-4.25
LogInit: Net CL: 13144385
LogInit: OS: Windows 10 (Release 2004) (), CPU: Intel(R) Core(TM) i7-9700K CPU @ 3.60GHz, GPU: NVIDIA GeForce RTX 2060 SUPER
LogInit: Compiled (64-bit): Jul 25 2020 02:07:48
LogInit: Compiled with Visual C++: 19.24.28315.00
LogInit: Build Configuration: Development
LogInit: Branch Name: ++UE4+Release-4.25
LogInit: Command Line: 
LogInit: Base Directory: G:/Epic Game/UE_4.25/Engine/Binaries/Win64/
LogInit: Allocator: TBB
LogInit: Installed Engine Build: 1
LogDevObjectVersion: Number of dev versions registered: 26
LogDevObjectVersion:   Dev-Blueprints (B0D832E4-1F89-4F0D-ACCF-7EB736FD4AA2): 10
LogDevObjectVersion:   Dev-Build (E1C64328-A22C-4D53-A36C-8E866417BD8C): 0
LogDevObjectVersion:   Dev-Core (375EC13C-06E4-48FB-B500-84F0262A717E): 4
LogDevObjectVersion:   Dev-Editor (E4B068ED-F494-42E9-A231-DA0B2E46BB41): 38
LogDevObjectVersion:   Dev-Framework (CFFC743F-43B0-4480-9391-14DF171D2073): 37
LogDevObjectVersion:   Dev-Mobile (B02B49B5-BB20-44E9-A304-32B752E40360): 2
LogDevObjectVersion:   Dev-Networking (A4E4105C-59A1-49B5-A7C5-40C4547EDFEE): 0
LogDevObjectVersion:   Dev-Online (39C831C9-5AE6-47DC-9A44-9C173E1C8E7C): 0
LogDevObjectVersion:   Dev-Physics (78F01B33-EBEA-4F98-B9B4-84EACCB95AA2): 4
LogDevObjectVersion:   Dev-Platform (6631380F-2D4D-43E0-8009-CF276956A95A): 0
LogDevObjectVersion:   Dev-Rendering (12F88B9F-8875-4AFC-A67C-D90C383ABD29): 43
LogDevObjectVersion:   Dev-Sequencer (7B5AE74C-D270-4C10-A958-57980B212A5A): 12
LogDevObjectVersion:   Dev-VR (D7296918-1DD6-4BDD-9DE2-64A83CC13884): 3
LogDevObjectVersion:   Dev-LoadTimes (C2A15278-BFE7-4AFE-6C17-90FF531DF755): 1
LogDevObjectVersion:   Private-Geometry (6EACA3D4-40EC-4CC1-B786-8BED09428FC5): 3
LogDevObjectVersion:   Dev-AnimPhys (29E575DD-E0A3-4627-9D10-D276232CDCEA): 17
LogDevObjectVersion:   Dev-Anim (AF43A65D-7FD3-4947-9873-3E8ED9C1BB05): 7
LogDevObjectVersion:   Dev-ReflectionCapture (6B266CEC-1EC7-4B8F-A30B-E4D90942FC07): 1
LogDevObjectVersion:   Dev-Automation (0DF73D61-A23F-47EA-B727-89E90C41499A): 1
LogDevObjectVersion:   FortniteMain (601D1886-AC64-4F84-AA16-D3DE0DEAC7D6): 31
LogDevObjectVersion:   Dev-Enterprise (9DFFBCD6-494F-0158-E221-12823C92A888): 10
LogDevObjectVersion:   Dev-Niagara (F2AED0AC-9AFE-416F-8664-AA7FFA26D6FC): 1
LogDevObjectVersion:   Dev-Destruction (174F1F0B-B4C6-45A5-B13F-2EE8D0FB917D): 10
LogDevObjectVersion:   Dev-Physics-Ext (35F94A83-E258-406C-A318-09F59610247C): 37
LogDevObjectVersion:   Dev-PhysicsMaterial-Chaos (B68FC16E-8B1B-42E2-B453-215C058844FE): 1
LogDevObjectVersion:   Dev-CineCamera (B2E18506-4273-CFC2-A54E-F4BB758BBA07): 1
LogInit: Presizing for max 25165824 objects, including 0 objects not considered by GC, pre-allocating 0 bytes for permanent pool.
LogConfig: Applying CVar settings from Section [/Script/Engine.StreamingSettings] File [C:/Users/theoa/OneDrive/Documents/GitHub/Litterbox/Unreal proj/Litterbox/Saved/Config/Windows/Engine.ini]
LogConfig: Setting CVar [[s.MinBulkDataSizeForAsyncLoading:131072]]
LogConfig: Setting CVar [[s.AsyncLoadingThreadEnabled:0]]
LogConfig: Setting CVar [[s.EventDrivenLoaderEnabled:1]]
LogConfig: Setting CVar [[s.WarnIfTimeLimitExceeded:0]]
LogConfig: Setting CVar [[s.TimeLimitExceededMultiplier:1.5]]
LogConfig: Setting CVar [[s.TimeLimitExceededMinTime:0.005]]
LogConfig: Setting CVar [[s.UseBackgroundLevelStreaming:1]]
LogConfig: Setting CVar [[s.PriorityAsyncLoadingExtraTime:15.0]]
LogConfig: Setting CVar [[s.LevelStreamingActorsUpdateTimeLimit:5.0]]
LogConfig: Setting CVar [[s.PriorityLevelStreamingActorsUpdateExtraTime:5.0]]
LogConfig: Setting CVar [[s.LevelStreamingComponentsRegistrationGranularity:10]]
LogConfig: Setting CVar [[s.UnregisterComponentsTimeLimit:1.0]]
LogConfig: Setting CVar [[s.LevelStreamingComponentsUnregistrationGranularity:5]]
LogConfig: Setting CVar [[s.FlushStreamingOnExit:1]]
LogInit: Object subsystem initialized
LogConfig: Setting CVar [[con.DebugEarlyDefault:1]]
LogConfig: Setting CVar [[r.setres:1280x720]]
[2020.10.19-16.16.21:632][  0]LogConfig: Setting CVar [[r.VSync:0]]
[2020.10.19-16.16.21:632][  0]LogConfig: Setting CVar [[r.RHICmdBypass:0]]
[2020.10.19-16.16.21:632][  0]LogConfig: Applying CVar settings from Section [/Script/Engine.RendererSettings] File [C:/Users/theoa/OneDrive/Documents/GitHub/Litterbox/Unreal proj/Litterbox/Saved/Config/Windows/Engine.ini]
[2020.10.19-16.16.21:632][  0]LogConfig: Setting CVar [[r.GPUCrashDebugging:0]]
[2020.10.19-16.16.21:632][  0]LogConfig: Setting CVar [[r.DefaultFeature.AmbientOcclusion:0]]
[2020.10.19-16.16.21:632][  0]LogConfig: Setting CVar [[r.DefaultFeature.AmbientOcclusionStaticFraction:0]]
[2020.10.19-16.16.21:632][  0]LogConfig: Setting CVar [[vr.InstancedStereo:1]]
[2020.10.19-16.16.21:632][  0]LogConfig: Setting CVar [[r.SeparateTranslucency:0]]
[2020.10.19-16.16.21:632][  0]LogConfig: Setting CVar [[r.HZBOcclusion:0]]
[2020.10.19-16.16.21:632][  0]LogConfig: Setting CVar [[r.SSR.MaxRoughness:0]]
[2020.10.19-16.16.21:632][  0]LogConfig: Setting CVar [[r.rhicmdbypass:0]]
[2020.10.19-16.16.21:632][  0]LogConfig: Applying CVar settings from Section [/Script/Engine.RendererOverrideSettings] File [C:/Users/theoa/OneDrive/Documents/GitHub/Litterbox/Unreal proj/Litterbox/Saved/Config/Windows/Engine.ini]
[2020.10.19-16.16.21:632][  0]LogConfig: Applying CVar settings from Section [/Script/Engine.StreamingSettings] File [C:/Users/theoa/OneDrive/Documents/GitHub/Litterbox/Unreal proj/Litterbox/Saved/Config/Windows/Engine.ini]
[2020.10.19-16.16.21:632][  0]LogConfig: Setting CVar [[s.MinBulkDataSizeForAsyncLoading:131072]]
[2020.10.19-16.16.21:632][  0]LogConfig: Setting CVar [[s.AsyncLoadingThreadEnabled:0]]
[2020.10.19-16.16.21:632][  0]LogConfig: Setting CVar [[s.EventDrivenLoaderEnabled:1]]
[2020.10.19-16.16.21:632][  0]LogConfig: Setting CVar [[s.WarnIfTimeLimitExceeded:0]]
[2020.10.19-16.16.21:632][  0]LogConfig: Setting CVar [[s.TimeLimitExceededMultiplier:1.5]]
[2020.10.19-16.16.21:632][  0]LogConfig: Setting CVar [[s.TimeLimitExceededMinTime:0.005]]
[2020.10.19-16.16.21:632][  0]LogConfig: Setting CVar [[s.UseBackgroundLevelStreaming:1]]
[2020.10.19-16.16.21:632][  0]LogConfig: Setting CVar [[s.PriorityAsyncLoadingExtraTime:15.0]]
[2020.10.19-16.16.21:632][  0]LogConfig: Setting CVar [[s.LevelStreamingActorsUpdateTimeLimit:5.0]]
[2020.10.19-16.16.21:632][  0]LogConfig: Setting CVar [[s.PriorityLevelStreamingActorsUpdateExtraTime:5.0]]
[2020.10.19-16.16.21:632][  0]LogConfig: Setting CVar [[s.LevelStreamingComponentsRegistrationGranularity:10]]
[2020.10.19-16.16.21:632][  0]LogConfig: Setting CVar [[s.UnregisterComponentsTimeLimit:1.0]]
[2020.10.19-16.16.21:632][  0]LogConfig: Setting CVar [[s.LevelStreamingComponentsUnregistrationGranularity:5]]
[2020.10.19-16.16.21:632][  0]LogConfig: Setting CVar [[s.FlushStreamingOnExit:1]]
[2020.10.19-16.16.21:632][  0]LogConfig: Applying CVar settings from Section [/Script/Engine.GarbageCollectionSettings] File [C:/Users/theoa/OneDrive/Documents/GitHub/Litterbox/Unreal proj/Litterbox/Saved/Config/Windows/Engine.ini]
[2020.10.19-16.16.21:632][  0]LogConfig: Setting CVar [[gc.MaxObjectsNotConsideredByGC:1]]
[2020.10.19-16.16.21:632][  0]LogConfig: Setting CVar [[gc.SizeOfPermanentObjectPool:0]]
[2020.10.19-16.16.21:632][  0]LogConfig: Setting CVar [[gc.FlushStreamingOnGC:0]]
[2020.10.19-16.16.21:632][  0]LogConfig: Setting CVar [[gc.NumRetriesBeforeForcingGC:10]]
[2020.10.19-16.16.21:632][  0]LogConfig: Setting CVar [[gc.AllowParallelGC:1]]
[2020.10.19-16.16.21:632][  0]LogConfig: Setting CVar [[gc.TimeBetweenPurgingPendingKillObjects:61.1]]
[2020.10.19-16.16.21:632][  0]LogConfig: Setting CVar [[gc.MaxObjectsInEditor:25165824]]
[2020.10.19-16.16.21:632][  0]LogConfig: Setting CVar [[gc.IncrementalBeginDestroyEnabled:1]]
[2020.10.19-16.16.21:632][  0]LogConfig: Setting CVar [[gc.CreateGCClusters:1]]
[2020.10.19-16.16.21:632][  0]LogConfig: Setting CVar [[gc.MinGCClusterSize:5]]
[2020.10.19-16.16.21:632][  0]LogConfig: Setting CVar [[gc.ActorClusteringEnabled:0]]
[2020.10.19-16.16.21:632][  0]LogConfig: Setting CVar [[gc.BlueprintClusteringEnabled:0]]
[2020.10.19-16.16.21:632][  0]LogConfig: Setting CVar [[gc.UseDisregardForGCOnDedicatedServers:0]]
[2020.10.19-16.16.21:632][  0]LogConfig: Applying CVar settings from Section [/Script/Engine.NetworkSettings] File [C:/Users/theoa/OneDrive/Documents/GitHub/Litterbox/Unreal proj/Litterbox/Saved/Config/Windows/Engine.ini]
[2020.10.19-16.16.21:632][  0]LogConfig: Applying CVar settings from Section [/Script/UnrealEd.CookerSettings] File [C:/Users/theoa/OneDrive/Documents/GitHub/Litterbox/Unreal proj/Litterbox/Saved/Config/Windows/Engine.ini]
[2020.10.19-16.16.21:635][  0]LogConfig: Applying CVar settings from Section [ViewDistanceQuality@3] File [C:/Users/theoa/OneDrive/Documents/GitHub/Litterbox/Unreal proj/Litterbox/Saved/Config/Windows/Scalability.ini]
[2020.10.19-16.16.21:635][  0]LogConfig: Setting CVar [[r.SkeletalMeshLODBias:0]]
[2020.10.19-16.16.21:635][  0]LogConfig: Setting CVar [[r.ViewDistanceScale:1.0]]
[2020.10.19-16.16.21:635][  0]LogConfig: Applying CVar settings from Section [AntiAliasingQuality@3] File [C:/Users/theoa/OneDrive/Documents/GitHub/Litterbox/Unreal proj/Litterbox/Saved/Config/Windows/Scalability.ini]
[2020.10.19-16.16.21:635][  0]LogConfig: Setting CVar [[r.PostProcessAAQuality:3]]
[2020.10.19-16.16.21:635][  0]LogConfig: Applying CVar settings from Section [ShadowQuality@3] File [C:/Users/theoa/OneDrive/Documents/GitHub/Litterbox/Unreal proj/Litterbox/Saved/Config/Windows/Scalability.ini]
[2020.10.19-16.16.21:635][  0]LogConfig: Setting CVar [[r.LightFunctionQuality:1]]
[2020.10.19-16.16.21:635][  0]LogConfig: Setting CVar [[r.ShadowQuality:5]]
[2020.10.19-16.16.21:635][  0]LogConfig: Setting CVar [[r.Shadow.CSM.MaxCascades:10]]
[2020.10.19-16.16.21:635][  0]LogConfig: Setting CVar [[r.Shadow.MaxResolution:2048]]
[2020.10.19-16.16.21:635][  0]LogConfig: Setting CVar [[r.Shadow.MaxCSMResolution:2048]]
[2020.10.19-16.16.21:635][  0]LogConfig: Setting CVar [[r.Shadow.RadiusThreshold:0.01]]
[2020.10.19-16.16.21:635][  0]LogConfig: Setting CVar [[r.Shadow.DistanceScale:1.0]]
[2020.10.19-16.16.21:635][  0]LogConfig: Setting CVar [[r.Shadow.CSM.TransitionScale:1.0]]
[2020.10.19-16.16.21:635][  0]LogConfig: Setting CVar [[r.Shadow.PreShadowResolutionFactor:1.0]]
[2020.10.19-16.16.21:635][  0]LogConfig: Setting CVar [[r.DistanceFieldShadowing:1]]
[2020.10.19-16.16.21:635][  0]LogConfig: Setting CVar [[r.DistanceFieldAO:1]]
[2020.10.19-16.16.21:635][  0]LogConfig: Setting CVar [[r.AOQuality:2]]
[2020.10.19-16.16.21:635][  0]LogConfig: Setting CVar [[r.VolumetricFog:1]]
[2020.10.19-16.16.21:635][  0]LogConfig: Setting CVar [[r.VolumetricFog.GridPixelSize:8]]
[2020.10.19-16.16.21:635][  0]LogConfig: Setting CVar [[r.VolumetricFog.GridSizeZ:128]]
[2020.10.19-16.16.21:635][  0]LogConfig: Setting CVar [[r.VolumetricFog.HistoryMissSupersampleCount:4]]
[2020.10.19-16.16.21:635][  0]LogConfig: Setting CVar [[r.LightMaxDrawDistanceScale:1]]
[2020.10.19-16.16.21:635][  0]LogConfig: Setting CVar [[r.CapsuleShadows:1]]
[2020.10.19-16.16.21:635][  0]LogConfig: Applying CVar settings from Section [PostProcessQuality@3] File [C:/Users/theoa/OneDrive/Documents/GitHub/Litterbox/Unreal proj/Litterbox/Saved/Config/Windows/Scalability.ini]
[2020.10.19-16.16.21:635][  0]LogConfig: Setting CVar [[r.MotionBlurQuality:0]]
[2020.10.19-16.16.21:635][  0]LogConfig: Setting CVar [[r.AmbientOcclusionMipLevelFactor:0.4]]
[2020.10.19-16.16.21:635][  0]LogConfig: Setting CVar [[r.AmbientOcclusionMaxQuality:100]]
[2020.10.19-16.16.21:635][  0]LogConfig: Setting CVar [[r.AmbientOcclusionLevels:0]]
[2020.10.19-16.16.21:635][  0]LogConfig: Setting CVar [[r.AmbientOcclusionRadiusScale:1.0]]
[2020.10.19-16.16.21:635][  0]LogConfig: Setting CVar [[r.DepthOfFieldQuality:0]]
[2020.10.19-16.16.21:635][  0]LogConfig: Setting CVar [[r.RenderTargetPoolMin:400]]
[2020.10.19-16.16.21:635][  0]LogConfig: Setting CVar [[r.LensFlareQuality:0]]
[2020.10.19-16.16.21:635][  0]LogConfig: Setting CVar [[r.SceneColorFringeQuality:0]]
[2020.10.19-16.16.21:635][  0]LogConfig: Setting CVar [[r.EyeAdaptationQuality:2]]
[2020.10.19-16.16.21:635][  0]LogConfig: Setting CVar [[r.BloomQuality:1]]
[2020.10.19-16.16.21:635][  0]LogConfig: Setting CVar [[r.FastBlurThreshold:0]]
[2020.10.19-16.16.21:635][  0]LogConfig: Setting CVar [[r.Upscale.Quality:3]]
[2020.10.19-16.16.21:635][  0]LogConfig: Setting CVar [[r.Tonemapper.GrainQuantization:1]]
[2020.10.19-16.16.21:635][  0]LogConfig: Setting CVar [[r.LightShaftQuality:1]]
[2020.10.19-16.16.21:635][  0]LogConfig: Setting CVar [[r.Filter.SizeScale:1]]
[2020.10.19-16.16.21:635][  0]LogConfig: Setting CVar [[r.Tonemapper.Quality:5]]
[2020.10.19-16.16.21:635][  0]LogConfig: Setting CVar [[r.DOF.Gather.AccumulatorQuality:1        ; higher gathering accumulator quality]]
[2020.10.19-16.16.21:635][  0]LogConfig: Setting CVar [[r.DOF.Gather.PostfilterMethod:1          ; Median3x3 postfilering method]]
[2020.10.19-16.16.21:635][  0]LogConfig: Setting CVar [[r.DOF.Gather.EnableBokehSettings:0       ; no bokeh simulation when gathering]]
[2020.10.19-16.16.21:635][  0]LogConfig: Setting CVar [[r.DOF.Gather.RingCount:4                 ; medium number of samples when gathering]]
[2020.10.19-16.16.21:635][  0]LogConfig: Setting CVar [[r.DOF.Scatter.ForegroundCompositing:1    ; additive foreground scattering]]
[2020.10.19-16.16.21:635][  0]LogConfig: Setting CVar [[r.DOF.Scatter.BackgroundCompositing:2    ; additive background scattering]]
[2020.10.19-16.16.21:635][  0]LogConfig: Setting CVar [[r.DOF.Scatter.EnableBokehSettings:1      ; bokeh simulation when scattering]]
[2020.10.19-16.16.21:635][  0]LogConfig: Setting CVar [[r.DOF.Scatter.MaxSpriteRatio:0.1         ; only a maximum of 10% of scattered bokeh]]
[2020.10.19-16.16.21:635][  0]LogConfig: Setting CVar [[r.DOF.Recombine.Quality:1                ; cheap slight out of focus]]
[2020.10.19-16.16.21:635][  0]LogConfig: Setting CVar [[r.DOF.Recombine.EnableBokehSettings:0    ; no bokeh simulation on slight out of focus]]
[2020.10.19-16.16.21:635][  0]LogConfig: Setting CVar [[r.DOF.TemporalAAQuality:1                ; more stable temporal accumulation]]
[2020.10.19-16.16.21:635][  0]LogConfig: Setting CVar [[r.DOF.Kernel.MaxForegroundRadius:0.025]]
[2020.10.19-16.16.21:635][  0]LogConfig: Setting CVar [[r.DOF.Kernel.MaxBackgroundRadius:0.025]]
[2020.10.19-16.16.21:635][  0]LogConfig: Applying CVar settings from Section [TextureQuality@3] File [C:/Users/theoa/OneDrive/Documents/GitHub/Litterbox/Unreal proj/Litterbox/Saved/Config/Windows/Scalability.ini]
[2020.10.19-16.16.21:635][  0]LogConfig: Setting CVar [[r.Streaming.MipBias:0]]
[2020.10.19-16.16.21:635][  0]LogConfig: Setting CVar [[r.Streaming.AmortizeCPUToGPUCopy:0]]
[2020.10.19-16.16.21:635][  0]LogConfig: Setting CVar [[r.Streaming.MaxNumTexturesToStreamPerFrame:0]]
[2020.10.19-16.16.21:635][  0]LogConfig: Setting CVar [[r.Streaming.Boost:1]]
[2020.10.19-16.16.21:635][  0]LogConfig: Setting CVar [[r.MaxAnisotropy:8]]
[2020.10.19-16.16.21:635][  0]LogConfig: Setting CVar [[r.VT.MaxAnisotropy:8]]
[2020.10.19-16.16.21:635][  0]LogConfig: Setting CVar [[r.Streaming.LimitPoolSizeToVRAM:0]]
[2020.10.19-16.16.21:635][  0]LogConfig: Setting CVar [[r.Streaming.PoolSize:1000]]
[2020.10.19-16.16.21:635][  0]LogConfig: Setting CVar [[r.Streaming.MaxEffectiveScreenSize:0]]
[2020.10.19-16.16.21:635][  0]LogConfig: Applying CVar settings from Section [EffectsQuality@3] File [C:/Users/theoa/OneDrive/Documents/GitHub/Litterbox/Unreal proj/Litterbox/Saved/Config/Windows/Scalability.ini]
[2020.10.19-16.16.21:635][  0]LogConfig: Setting CVar [[r.TranslucencyLightingVolumeDim:4]]
[2020.10.19-16.16.21:635][  0]LogConfig: Setting CVar [[r.RefractionQuality:2]]
[2020.10.19-16.16.21:635][  0]LogConfig: Setting CVar [[r.SSR.Quality:0]]
[2020.10.19-16.16.21:635][  0]LogConfig: Setting CVar [[r.SSR.HalfResSceneColor:0]]
[2020.10.19-16.16.21:635][  0]LogConfig: Setting CVar [[r.SceneColorFormat:2]]
[2020.10.19-16.16.21:635][  0]LogConfig: Setting CVar [[r.DetailMode:2]]
[2020.10.19-16.16.21:635][  0]LogConfig: Setting CVar [[r.TranslucencyVolumeBlur:0]]
[2020.10.19-16.16.21:635][  0]LogConfig: Setting CVar [[r.MaterialQualityLevel:1 ; High quality]]
[2020.10.19-16.16.21:635][  0]LogConfig: Setting CVar [[r.SSS.Scale:1]]
[2020.10.19-16.16.21:635][  0]LogConfig: Setting CVar [[r.SSS.SampleSet:2]]
[2020.10.19-16.16.21:635][  0]LogConfig: Setting CVar [[r.SSS.Quality:1]]
[2020.10.19-16.16.21:635][  0]LogConfig: Setting CVar [[r.SSS.HalfRes:0]]
[2020.10.19-16.16.21:635][  0]LogConfig: Setting CVar [[r.SSGI.Quality:3]]
[2020.10.19-16.16.21:635][  0]LogConfig: Setting CVar [[r.EmitterSpawnRateScale:1.0]]
[2020.10.19-16.16.21:635][  0]LogConfig: Setting CVar [[r.ParticleLightQuality:2]]
[2020.10.19-16.16.21:635][  0]LogConfig: Setting CVar [[r.SkyAtmosphere.AerialPerspectiveLUT.FastApplyOnOpaque:1 ; Always have FastSkyLUT 1 in this case to avoid wrong sky]]
[2020.10.19-16.16.21:635][  0]LogConfig: Setting CVar [[r.SkyAtmosphere.AerialPerspectiveLUT.SampleCountPerSlice:1]]
[2020.10.19-16.16.21:635][  0]LogConfig: Setting CVar [[r.SkyAtmosphere.AerialPerspectiveLUT.DepthResolution:16.0]]
[2020.10.19-16.16.21:635][  0]LogConfig: Setting CVar [[r.SkyAtmosphere.FastSkyLUT:1]]
[2020.10.19-16.16.21:635][  0]LogConfig: Setting CVar [[r.SkyAtmosphere.FastSkyLUT.SampleCountMin:4.0]]
[2020.10.19-16.16.21:635][  0]LogConfig: Setting CVar [[r.SkyAtmosphere.FastSkyLUT.SampleCountMax:32.0]]
[2020.10.19-16.16.21:635][  0]LogConfig: Setting CVar [[r.SkyAtmosphere.SampleCountMin:4.0]]
[2020.10.19-16.16.21:635][  0]LogConfig: Setting CVar [[r.SkyAtmosphere.SampleCountMax:32.0]]
[2020.10.19-16.16.21:635][  0]LogConfig: Setting CVar [[r.SkyAtmosphere.TransmittanceLUT.UseSmallFormat:0]]
[2020.10.19-16.16.21:635][  0]LogConfig: Setting CVar [[r.SkyAtmosphere.TransmittanceLUT.SampleCount:10.0]]
[2020.10.19-16.16.21:635][  0]LogConfig: Setting CVar [[r.SkyAtmosphere.MultiScatteringLUT.SampleCount:15.0]]
[2020.10.19-16.16.21:635][  0]LogConfig: Applying CVar settings from Section [FoliageQuality@3] File [C:/Users/theoa/OneDrive/Documents/GitHub/Litterbox/Unreal proj/Litterbox/Saved/Config/Windows/Scalability.ini]
[2020.10.19-16.16.21:635][  0]LogConfig: Setting CVar [[foliage.DensityScale:1.0]]
[2020.10.19-16.16.21:635][  0]LogConfig: Setting CVar [[grass.DensityScale:1.0]]
[2020.10.19-16.16.21:635][  0]LogConfig: Applying CVar settings from Section [ShadingQuality@3] File [C:/Users/theoa/OneDrive/Documents/GitHub/Litterbox/Unreal proj/Litterbox/Saved/Config/Windows/Scalability.ini]
[2020.10.19-16.16.21:635][  0]LogConfig: Setting CVar [[r.HairStrands.SkyLighting.SampleCount:16]]
[2020.10.19-16.16.21:635][  0]LogConfig: Setting CVar [[r.HairStrands.SkyLighting.JitterIntegration:0]]
[2020.10.19-16.16.21:635][  0]LogConfig: Setting CVar [[r.HairStrands.SkyAO.SampleCount:16]]
[2020.10.19-16.16.21:635][  0]LogConfig: Setting CVar [[r.HairStrands.DeepShadow.SuperSampling:0]]
[2020.10.19-16.16.21:635][  0]LogConfig: Setting CVar [[r.HairStrands.VisibilityPPLL:0]]
[2020.10.19-16.16.21:635][  0]LogConfig: Setting CVar [[r.HairStrands.RasterizationScale:0.5]]
[2020.10.19-16.16.21:635][  0]LogConfig: Setting CVar [[r.HairStrands.VelocityRasterizationScale:1]]
[2020.10.19-16.16.21:635][  0]LogInit: Selected Device Profile: [Windows]
[2020.10.19-16.16.21:635][  0]LogInit: Applying CVar settings loaded from the selected device profile: [Windows]
[2020.10.19-16.16.21:636][  0]LogHAL: Display: Platform has ~ 32 GB [34274607104 / 34359738368 / 32], which maps to Largest [LargestMinGB=32, LargerMinGB=12, DefaultMinGB=8, SmallerMinGB=6, SmallestMinGB=0)
[2020.10.19-16.16.21:636][  0]LogInit: Going up to parent DeviceProfile []
[2020.10.19-16.16.21:636][  0]LogConfig: Applying CVar settings from Section [ViewDistanceQuality@3] File [C:/Users/theoa/OneDrive/Documents/GitHub/Litterbox/Unreal proj/Litterbox/Saved/Config/Windows/Scalability.ini]
[2020.10.19-16.16.21:636][  0]LogConfig: Setting CVar [[r.SkeletalMeshLODBias:0]]
[2020.10.19-16.16.21:636][  0]LogConfig: Setting CVar [[r.ViewDistanceScale:1.0]]
[2020.10.19-16.16.21:636][  0]LogConfig: Applying CVar settings from Section [AntiAliasingQuality@3] File [C:/Users/theoa/OneDrive/Documents/GitHub/Litterbox/Unreal proj/Litterbox/Saved/Config/Windows/Scalability.ini]
[2020.10.19-16.16.21:636][  0]LogConfig: Setting CVar [[r.PostProcessAAQuality:3]]
[2020.10.19-16.16.21:636][  0]LogConfig: Applying CVar settings from Section [ShadowQuality@3] File [C:/Users/theoa/OneDrive/Documents/GitHub/Litterbox/Unreal proj/Litterbox/Saved/Config/Windows/Scalability.ini]
[2020.10.19-16.16.21:636][  0]LogConfig: Setting CVar [[r.LightFunctionQuality:1]]
[2020.10.19-16.16.21:636][  0]LogConfig: Setting CVar [[r.ShadowQuality:5]]
[2020.10.19-16.16.21:636][  0]LogConfig: Setting CVar [[r.Shadow.CSM.MaxCascades:10]]
[2020.10.19-16.16.21:636][  0]LogConfig: Setting CVar [[r.Shadow.MaxResolution:2048]]
[2020.10.19-16.16.21:636][  0]LogConfig: Setting CVar [[r.Shadow.MaxCSMResolution:2048]]
[2020.10.19-16.16.21:636][  0]LogConfig: Setting CVar [[r.Shadow.RadiusThreshold:0.01]]
[2020.10.19-16.16.21:636][  0]LogConfig: Setting CVar [[r.Shadow.DistanceScale:1.0]]
[2020.10.19-16.16.21:636][  0]LogConfig: Setting CVar [[r.Shadow.CSM.TransitionScale:1.0]]
[2020.10.19-16.16.21:636][  0]LogConfig: Setting CVar [[r.Shadow.PreShadowResolutionFactor:1.0]]
[2020.10.19-16.16.21:636][  0]LogConfig: Setting CVar [[r.DistanceFieldShadowing:1]]
[2020.10.19-16.16.21:636][  0]LogConfig: Setting CVar [[r.DistanceFieldAO:1]]
[2020.10.19-16.16.21:636][  0]LogConfig: Setting CVar [[r.AOQuality:2]]
[2020.10.19-16.16.21:636][  0]LogConfig: Setting CVar [[r.VolumetricFog:1]]
[2020.10.19-16.16.21:636][  0]LogConfig: Setting CVar [[r.VolumetricFog.GridPixelSize:8]]
[2020.10.19-16.16.21:636][  0]LogConfig: Setting CVar [[r.VolumetricFog.GridSizeZ:128]]
[2020.10.19-16.16.21:636][  0]LogConfig: Setting CVar [[r.VolumetricFog.HistoryMissSupersampleCount:4]]
[2020.10.19-16.16.21:636][  0]LogConfig: Setting CVar [[r.LightMaxDrawDistanceScale:1]]
[2020.10.19-16.16.21:636][  0]LogConfig: Setting CVar [[r.CapsuleShadows:1]]
[2020.10.19-16.16.21:636][  0]LogConfig: Applying CVar settings from Section [PostProcessQuality@3] File [C:/Users/theoa/OneDrive/Documents/GitHub/Litterbox/Unreal proj/Litterbox/Saved/Config/Windows/Scalability.ini]
[2020.10.19-16.16.21:636][  0]LogConfig: Setting CVar [[r.MotionBlurQuality:0]]
[2020.10.19-16.16.21:636][  0]LogConfig: Setting CVar [[r.AmbientOcclusionMipLevelFactor:0.4]]
[2020.10.19-16.16.21:636][  0]LogConfig: Setting CVar [[r.AmbientOcclusionMaxQuality:100]]
[2020.10.19-16.16.21:636][  0]LogConfig: Setting CVar [[r.AmbientOcclusionLevels:0]]
[2020.10.19-16.16.21:636][  0]LogConfig: Setting CVar [[r.AmbientOcclusionRadiusScale:1.0]]
[2020.10.19-16.16.21:636][  0]LogConfig: Setting CVar [[r.DepthOfFieldQuality:0]]
[2020.10.19-16.16.21:636][  0]LogConfig: Setting CVar [[r.RenderTargetPoolMin:400]]
[2020.10.19-16.16.21:636][  0]LogConfig: Setting CVar [[r.LensFlareQuality:0]]
[2020.10.19-16.16.21:636][  0]LogConfig: Setting CVar [[r.SceneColorFringeQuality:0]]
[2020.10.19-16.16.21:636][  0]LogConfig: Setting CVar [[r.EyeAdaptationQuality:2]]
[2020.10.19-16.16.21:636][  0]LogConfig: Setting CVar [[r.BloomQuality:1]]
[2020.10.19-16.16.21:636][  0]LogConfig: Setting CVar [[r.FastBlurThreshold:0]]
[2020.10.19-16.16.21:636][  0]LogConfig: Setting CVar [[r.Upscale.Quality:3]]
[2020.10.19-16.16.21:636][  0]LogConfig: Setting CVar [[r.Tonemapper.GrainQuantization:1]]
[2020.10.19-16.16.21:636][  0]LogConfig: Setting CVar [[r.LightShaftQuality:1]]
[2020.10.19-16.16.21:636][  0]LogConfig: Setting CVar [[r.Filter.SizeScale:1]]
[2020.10.19-16.16.21:636][  0]LogConfig: Setting CVar [[r.Tonemapper.Quality:5]]
[2020.10.19-16.16.21:636][  0]LogConfig: Setting CVar [[r.DOF.Gather.AccumulatorQuality:1        ; higher gathering accumulator quality]]
[2020.10.19-16.16.21:636][  0]LogConfig: Setting CVar [[r.DOF.Gather.PostfilterMethod:1          ; Median3x3 postfilering method]]
[2020.10.19-16.16.21:636][  0]LogConfig: Setting CVar [[r.DOF.Gather.EnableBokehSettings:0       ; no bokeh simulation when gathering]]
[2020.10.19-16.16.21:636][  0]LogConfig: Setting CVar [[r.DOF.Gather.RingCount:4                 ; medium number of samples when gathering]]
[2020.10.19-16.16.21:636][  0]LogConfig: Setting CVar [[r.DOF.Scatter.ForegroundCompositing:1    ; additive foreground scattering]]
[2020.10.19-16.16.21:636][  0]LogConfig: Setting CVar [[r.DOF.Scatter.BackgroundCompositing:2    ; additive background scattering]]
[2020.10.19-16.16.21:636][  0]LogConfig: Setting CVar [[r.DOF.Scatter.EnableBokehSettings:1      ; bokeh simulation when scattering]]
[2020.10.19-16.16.21:636][  0]LogConfig: Setting CVar [[r.DOF.Scatter.MaxSpriteRatio:0.1         ; only a maximum of 10% of scattered bokeh]]
[2020.10.19-16.16.21:636][  0]LogConfig: Setting CVar [[r.DOF.Recombine.Quality:1                ; cheap slight out of focus]]
[2020.10.19-16.16.21:636][  0]LogConfig: Setting CVar [[r.DOF.Recombine.EnableBokehSettings:0    ; no bokeh simulation on slight out of focus]]
[2020.10.19-16.16.21:636][  0]LogConfig: Setting CVar [[r.DOF.TemporalAAQuality:1                ; more stable temporal accumulation]]
[2020.10.19-16.16.21:636][  0]LogConfig: Setting CVar [[r.DOF.Kernel.MaxForegroundRadius:0.025]]
[2020.10.19-16.16.21:636][  0]LogConfig: Setting CVar [[r.DOF.Kernel.MaxBackgroundRadius:0.025]]
[2020.10.19-16.16.21:636][  0]LogConfig: Applying CVar settings from Section [TextureQuality@3] File [C:/Users/theoa/OneDrive/Documents/GitHub/Litterbox/Unreal proj/Litterbox/Saved/Config/Windows/Scalability.ini]
[2020.10.19-16.16.21:636][  0]LogConfig: Setting CVar [[r.Streaming.MipBias:0]]
[2020.10.19-16.16.21:636][  0]LogConfig: Setting CVar [[r.Streaming.AmortizeCPUToGPUCopy:0]]
[2020.10.19-16.16.21:636][  0]LogConfig: Setting CVar [[r.Streaming.MaxNumTexturesToStreamPerFrame:0]]
[2020.10.19-16.16.21:636][  0]LogConfig: Setting CVar [[r.Streaming.Boost:1]]
[2020.10.19-16.16.21:636][  0]LogConfig: Setting CVar [[r.MaxAnisotropy:8]]
[2020.10.19-16.16.21:636][  0]LogConfig: Setting CVar [[r.VT.MaxAnisotropy:8]]
[2020.10.19-16.16.21:636][  0]LogConfig: Setting CVar [[r.Streaming.LimitPoolSizeToVRAM:0]]
[2020.10.19-16.16.21:636][  0]LogConfig: Setting CVar [[r.Streaming.PoolSize:1000]]
[2020.10.19-16.16.21:636][  0]LogConfig: Setting CVar [[r.Streaming.MaxEffectiveScreenSize:0]]
[2020.10.19-16.16.21:636][  0]LogConfig: Applying CVar settings from Section [EffectsQuality@3] File [C:/Users/theoa/OneDrive/Documents/GitHub/Litterbox/Unreal proj/Litterbox/Saved/Config/Windows/Scalability.ini]
[2020.10.19-16.16.21:636][  0]LogConfig: Setting CVar [[r.TranslucencyLightingVolumeDim:4]]
[2020.10.19-16.16.21:636][  0]LogConfig: Setting CVar [[r.RefractionQuality:2]]
[2020.10.19-16.16.21:636][  0]LogConfig: Setting CVar [[r.SSR.Quality:0]]
[2020.10.19-16.16.21:636][  0]LogConfig: Setting CVar [[r.SSR.HalfResSceneColor:0]]
[2020.10.19-16.16.21:636][  0]LogConfig: Setting CVar [[r.SceneColorFormat:2]]
[2020.10.19-16.16.21:636][  0]LogConfig: Setting CVar [[r.DetailMode:2]]
[2020.10.19-16.16.21:636][  0]LogConfig: Setting CVar [[r.TranslucencyVolumeBlur:0]]
[2020.10.19-16.16.21:636][  0]LogConfig: Setting CVar [[r.MaterialQualityLevel:1 ; High quality]]
[2020.10.19-16.16.21:636][  0]LogConfig: Setting CVar [[r.SSS.Scale:1]]
[2020.10.19-16.16.21:636][  0]LogConfig: Setting CVar [[r.SSS.SampleSet:2]]
[2020.10.19-16.16.21:636][  0]LogConfig: Setting CVar [[r.SSS.Quality:1]]
[2020.10.19-16.16.21:636][  0]LogConfig: Setting CVar [[r.SSS.HalfRes:0]]
[2020.10.19-16.16.21:636][  0]LogConfig: Setting CVar [[r.SSGI.Quality:3]]
[2020.10.19-16.16.21:636][  0]LogConfig: Setting CVar [[r.EmitterSpawnRateScale:1.0]]
[2020.10.19-16.16.21:636][  0]LogConfig: Setting CVar [[r.ParticleLightQuality:2]]
[2020.10.19-16.16.21:636][  0]LogConfig: Setting CVar [[r.SkyAtmosphere.AerialPerspectiveLUT.FastApplyOnOpaque:1 ; Always have FastSkyLUT 1 in this case to avoid wrong sky]]
[2020.10.19-16.16.21:636][  0]LogConfig: Setting CVar [[r.SkyAtmosphere.AerialPerspectiveLUT.SampleCountPerSlice:1]]
[2020.10.19-16.16.21:636][  0]LogConfig: Setting CVar [[r.SkyAtmosphere.AerialPerspectiveLUT.DepthResolution:16.0]]
[2020.10.19-16.16.21:636][  0]LogConfig: Setting CVar [[r.SkyAtmosphere.FastSkyLUT:1]]
[2020.10.19-16.16.21:636][  0]LogConfig: Setting CVar [[r.SkyAtmosphere.FastSkyLUT.SampleCountMin:4.0]]
[2020.10.19-16.16.21:636][  0]LogConfig: Setting CVar [[r.SkyAtmosphere.FastSkyLUT.SampleCountMax:32.0]]
[2020.10.19-16.16.21:636][  0]LogConfig: Setting CVar [[r.SkyAtmosphere.SampleCountMin:4.0]]
[2020.10.19-16.16.21:636][  0]LogConfig: Setting CVar [[r.SkyAtmosphere.SampleCountMax:32.0]]
[2020.10.19-16.16.21:636][  0]LogConfig: Setting CVar [[r.SkyAtmosphere.TransmittanceLUT.UseSmallFormat:0]]
[2020.10.19-16.16.21:636][  0]LogConfig: Setting CVar [[r.SkyAtmosphere.TransmittanceLUT.SampleCount:10.0]]
[2020.10.19-16.16.21:636][  0]LogConfig: Setting CVar [[r.SkyAtmosphere.MultiScatteringLUT.SampleCount:15.0]]
[2020.10.19-16.16.21:636][  0]LogConfig: Applying CVar settings from Section [FoliageQuality@3] File [C:/Users/theoa/OneDrive/Documents/GitHub/Litterbox/Unreal proj/Litterbox/Saved/Config/Windows/Scalability.ini]
[2020.10.19-16.16.21:636][  0]LogConfig: Setting CVar [[foliage.DensityScale:1.0]]
[2020.10.19-16.16.21:636][  0]LogConfig: Setting CVar [[grass.DensityScale:1.0]]
[2020.10.19-16.16.21:636][  0]LogConfig: Applying CVar settings from Section [ShadingQuality@3] File [C:/Users/theoa/OneDrive/Documents/GitHub/Litterbox/Unreal proj/Litterbox/Saved/Config/Windows/Scalability.ini]
[2020.10.19-16.16.21:636][  0]LogConfig: Setting CVar [[r.HairStrands.SkyLighting.SampleCount:16]]
[2020.10.19-16.16.21:636][  0]LogConfig: Setting CVar [[r.HairStrands.SkyLighting.JitterIntegration:0]]
[2020.10.19-16.16.21:636][  0]LogConfig: Setting CVar [[r.HairStrands.SkyAO.SampleCount:16]]
[2020.10.19-16.16.21:636][  0]LogConfig: Setting CVar [[r.HairStrands.DeepShadow.SuperSampling:0]]
[2020.10.19-16.16.21:636][  0]LogConfig: Setting CVar [[r.HairStrands.VisibilityPPLL:0]]
[2020.10.19-16.16.21:636][  0]LogConfig: Setting CVar [[r.HairStrands.RasterizationScale:0.5]]
[2020.10.19-16.16.21:636][  0]LogConfig: Setting CVar [[r.HairStrands.VelocityRasterizationScale:1]]
[2020.10.19-16.16.21:636][  0]LogConfig: Applying CVar settings from Section [Startup] File [../../../Engine/Config/ConsoleVariables.ini]
[2020.10.19-16.16.21:637][  0]LogConfig: Setting CVar [[net.UseAdaptiveNetUpdateFrequency:0]]
[2020.10.19-16.16.21:637][  0]LogConfig: Setting CVar [[p.chaos.AllowCreatePhysxBodies:1]]
[2020.10.19-16.16.21:637][  0]LogConfig: Setting CVar [[fx.SkipVectorVMBackendOptimizations:1]]
[2020.10.19-16.16.21:637][  0]LogConfig: Applying CVar settings from Section [ConsoleVariables] File [C:/Users/theoa/OneDrive/Documents/GitHub/Litterbox/Unreal proj/Litterbox/Saved/Config/Windows/Engine.ini]
[2020.10.19-16.16.21:637][  0]LogInit: Computer: PC-GAME-DESIGN
[2020.10.19-16.16.21:637][  0]LogInit: User: theoa
[2020.10.19-16.16.21:637][  0]LogInit: CPU Page size=4096, Cores=8
[2020.10.19-16.16.21:637][  0]LogInit: High frequency timer resolution =10.000000 MHz
[2020.10.19-16.16.21:637][  0]LogMemory: Memory total: Physical=31.9GB (32GB approx)
[2020.10.19-16.16.21:637][  0]LogMemory: Platform Memory Stats for Windows
[2020.10.19-16.16.21:637][  0]LogMemory: Process Physical Memory: 117.11 MB used, 117.11 MB peak
[2020.10.19-16.16.21:637][  0]LogMemory: Process Virtual Memory: 104.54 MB used, 104.54 MB peak
[2020.10.19-16.16.21:637][  0]LogMemory: Physical Memory: 14710.85 MB used,  17975.96 MB free, 32686.81 MB total
[2020.10.19-16.16.21:637][  0]LogMemory: Virtual Memory: 5157.11 MB used,  134212568.00 MB free, 134217728.00 MB total
[2020.10.19-16.16.21:975][  0]LogWindows: WindowsPlatformFeatures enabled
[2020.10.19-16.16.22:009][  0]LogInit: Physics initialised using underlying interface: PhysX
[2020.10.19-16.16.22:009][  0]LogInit: Using OS detected language (fr-FR).
[2020.10.19-16.16.22:009][  0]LogInit: Using OS detected locale (fr-FR).
[2020.10.19-16.16.22:010][  0]LogTextLocalizationManager: No specific localization for 'fr-FR' exists, so the 'fr' localization will be used.
[2020.10.19-16.16.22:011][  0]LogTextLocalizationResource: LocRes '../../../Engine/Content/Localization/Editor/fr/Editor.locres' could not be opened for reading!
[2020.10.19-16.16.22:011][  0]LogTextLocalizationResource: LocRes '../../../Engine/Content/Localization/EditorTutorials/fr/EditorTutorials.locres' could not be opened for reading!
[2020.10.19-16.16.22:011][  0]LogTextLocalizationResource: LocRes '../../../Engine/Content/Localization/Keywords/fr/Keywords.locres' could not be opened for reading!
[2020.10.19-16.16.22:011][  0]LogTextLocalizationResource: LocRes '../../../Engine/Content/Localization/Category/fr/Category.locres' could not be opened for reading!
[2020.10.19-16.16.22:011][  0]LogTextLocalizationResource: LocRes '../../../Engine/Content/Localization/ToolTips/fr/ToolTips.locres' could not be opened for reading!
[2020.10.19-16.16.22:011][  0]LogTextLocalizationResource: LocRes '../../../Engine/Content/Localization/PropertyNames/fr/PropertyNames.locres' could not be opened for reading!
[2020.10.19-16.16.22:011][  0]LogTextLocalizationResource: LocRes '../../../Engine/Content/Localization/Engine/fr/Engine.locres' could not be opened for reading!
[2020.10.19-16.16.22:012][  0]LogInit: Setting process to per monitor DPI aware
[2020.10.19-16.16.22:036][  0]LogSlate: New Slate User Created.  User Index 0, Is Virtual User: 0
[2020.10.19-16.16.22:036][  0]LogSlate: Slate User Registered.  User Index 0, Is Virtual User: 0
[2020.10.19-16.16.22:193][  0]LogHMD: Failed to initialize OpenVR with code 110
[2020.10.19-16.16.22:193][  0]LogD3D11RHI: D3D11 min allowed feature level: 11_0
[2020.10.19-16.16.22:193][  0]LogD3D11RHI: D3D11 max allowed feature level: 11_0
[2020.10.19-16.16.22:193][  0]LogD3D11RHI: D3D11 adapters:
[2020.10.19-16.16.22:268][  0]LogD3D11RHI:    0. 'NVIDIA GeForce RTX 2060 SUPER' (Feature Level 11_0)
[2020.10.19-16.16.22:268][  0]LogD3D11RHI:       8031/0/16343 MB DedicatedVideo/DedicatedSystem/SharedSystem, Outputs:1, VendorId:0x10de
[2020.10.19-16.16.22:270][  0]LogD3D11RHI:    1. 'Microsoft Basic Render Driver' (Feature Level 11_0)
[2020.10.19-16.16.22:270][  0]LogD3D11RHI:       0/0/16343 MB DedicatedVideo/DedicatedSystem/SharedSystem, Outputs:0, VendorId:0x1414
[2020.10.19-16.16.22:270][  0]LogD3D11RHI: Chosen D3D11 Adapter: 0
[2020.10.19-16.16.22:277][  0]LogD3D11RHI: Creating new Direct3DDevice
[2020.10.19-16.16.22:277][  0]LogD3D11RHI:     GPU DeviceId: 0x1f06 (for the marketing name, search the web for "GPU Device Id")
[2020.10.19-16.16.22:277][  0]LogWindows: EnumDisplayDevices:
[2020.10.19-16.16.22:277][  0]LogWindows:    0. 'NVIDIA GeForce RTX 2060 SUPER' (P:1 D:1)
[2020.10.19-16.16.22:277][  0]LogWindows:    1. 'NVIDIA GeForce RTX 2060 SUPER' (P:0 D:0)
[2020.10.19-16.16.22:278][  0]LogWindows:    2. 'NVIDIA GeForce RTX 2060 SUPER' (P:0 D:0)
[2020.10.19-16.16.22:278][  0]LogWindows:    3. 'NVIDIA GeForce RTX 2060 SUPER' (P:0 D:0)
[2020.10.19-16.16.22:278][  0]LogWindows: DebugString: FoundDriverCount:4 
[2020.10.19-16.16.22:278][  0]LogD3D11RHI:     Adapter Name: NVIDIA GeForce RTX 2060 SUPER
[2020.10.19-16.16.22:278][  0]LogD3D11RHI:   Driver Version: 442.19 (internal:26.21.14.4219, unified:442.19)
[2020.10.19-16.16.22:278][  0]LogD3D11RHI:      Driver Date: 1-29-2020
[2020.10.19-16.16.22:278][  0]LogRHI: Texture pool is 5621 MB (70% of 8031 MB)
[2020.10.19-16.16.22:325][  0]LogD3D11RHI: RHI has support for 64 bit atomics
[2020.10.19-16.16.22:326][  0]LogD3D11RHI: [Aftermath] Enabled and primed
[2020.10.19-16.16.22:326][  0]LogD3D11RHI: Async texture creation enabled
[2020.10.19-16.16.22:326][  0]LogD3D11RHI: Array index from any shader is supported
[2020.10.19-16.16.22:327][  0]LogD3D11RHI: HDR output is supported on display 0 (NvId: 0x80061086).
[2020.10.19-16.16.22:337][  0]LogD3D11RHI: GPU Timing Frequency: 1000.000000 (Debug: 2 1)
[2020.10.19-16.16.22:569][  0]LogTargetPlatformManager: Display: Loaded TargetPlatform 'AllDesktop'
[2020.10.19-16.16.22:587][  0]LogTargetPlatformManager: Display: Loaded TargetPlatform 'Android'
[2020.10.19-16.16.22:587][  0]LogTargetPlatformManager: Display: Loaded TargetPlatform 'Android_ASTC'
[2020.10.19-16.16.22:587][  0]LogTargetPlatformManager: Display: Loaded TargetPlatform 'Android_DXT'
[2020.10.19-16.16.22:587][  0]LogTargetPlatformManager: Display: Loaded TargetPlatform 'Android_ETC2'
[2020.10.19-16.16.22:587][  0]LogTargetPlatformManager: Display: Loaded TargetPlatform 'AndroidClient'
[2020.10.19-16.16.22:587][  0]LogTargetPlatformManager: Display: Loaded TargetPlatform 'Android_ASTCClient'
[2020.10.19-16.16.22:587][  0]LogTargetPlatformManager: Display: Loaded TargetPlatform 'Android_DXTClient'
[2020.10.19-16.16.22:587][  0]LogTargetPlatformManager: Display: Loaded TargetPlatform 'Android_ETC2Client'
[2020.10.19-16.16.22:587][  0]LogTargetPlatformManager: Display: Loaded TargetPlatform 'Android_Multi'
[2020.10.19-16.16.22:587][  0]LogTargetPlatformManager: Display: Loaded TargetPlatform 'Android_MultiClient'
[2020.10.19-16.16.22:608][  0]LogTargetPlatformManager: Display: Loaded TargetPlatform 'IOSClient'
[2020.10.19-16.16.22:608][  0]LogTargetPlatformManager: Display: Loaded TargetPlatform 'IOS'
[2020.10.19-16.16.22:617][  0]LogTargetPlatformManager: Display: Loaded TargetPlatform 'Linux'
[2020.10.19-16.16.22:625][  0]LogTargetPlatformManager: Display: Loaded TargetPlatform 'LinuxNoEditor'
[2020.10.19-16.16.22:633][  0]LogTargetPlatformManager: Display: Loaded TargetPlatform 'LinuxClient'
[2020.10.19-16.16.22:641][  0]LogTargetPlatformManager: Display: Loaded TargetPlatform 'LinuxServer'
[2020.10.19-16.16.22:649][  0]LogTargetPlatformManager: Display: Loaded TargetPlatform 'LinuxAArch64NoEditor'
[2020.10.19-16.16.22:657][  0]LogTargetPlatformManager: Display: Loaded TargetPlatform 'LinuxAArch64Client'
[2020.10.19-16.16.22:665][  0]LogTargetPlatformManager: Display: Loaded TargetPlatform 'LinuxAArch64Server'
[2020.10.19-16.16.22:687][  0]LogTargetPlatformManager: Display: Loaded TargetPlatform 'Lumin'
[2020.10.19-16.16.22:687][  0]LogTargetPlatformManager: Display: Loaded TargetPlatform 'LuminClient'
[2020.10.19-16.16.22:701][  0]LogTargetPlatformManager: Display: Loaded TargetPlatform 'TVOSClient'
[2020.10.19-16.16.22:701][  0]LogTargetPlatformManager: Display: Loaded TargetPlatform 'TVOS'
[2020.10.19-16.16.22:710][  0]LogTargetPlatformManager: Display: Loaded TargetPlatform 'WindowsNoEditor'
[2020.10.19-16.16.22:719][  0]LogTargetPlatformManager: Display: Loaded TargetPlatform 'Windows'
[2020.10.19-16.16.22:728][  0]LogTargetPlatformManager: Display: Loaded TargetPlatform 'WindowsClient'
[2020.10.19-16.16.22:736][  0]LogTargetPlatformManager: Display: Loaded TargetPlatform 'WindowsServer'
[2020.10.19-16.16.22:736][  0]LogTargetPlatformManager: Display: Building Assets For Windows
[2020.10.19-16.16.22:746][  0]LogAudioDebug: Display: Lib vorbis DLL was dynamically loaded.
[2020.10.19-16.16.22:818][  0]LogShaderCompilers: Guid format shader working directory is -26 characters bigger than the processId version (C:/Users/theoa/OneDrive/Documents/GitHub/Litterbox/Unreal proj/Litterbox/Intermediate/Shaders/WorkingDirectory/6132/).
[2020.10.19-16.16.22:818][  0]LogShaderCompilers: Cleaned the shader compiler working directory 'C:/Users/theoa/AppData/Local/Temp/UnrealShaderWorkingDir/A72897F546AA3BEECB14E8A9BEA812B5/'.
[2020.10.19-16.16.22:819][  0]LogXGEController: Cannot use XGE Controller as Incredibuild is not installed on this machine.
[2020.10.19-16.16.22:819][  0]LogShaderCompilers: Cannot use XGE Shader Compiler as Incredibuild is not installed on this machine.
[2020.10.19-16.16.22:819][  0]LogShaderCompilers: Display: Using Local Shader Compiler.
[2020.10.19-16.16.23:404][  0]LogDerivedDataCache: Display: Max Cache Size: 512 MB
[2020.10.19-16.16.23:448][  0]LogDerivedDataCache: Loaded boot cache 0.04s 95MB C:/Users/theoa/AppData/Local/UnrealEngine/4.25/DerivedDataCache/Boot.ddc.
[2020.10.19-16.16.23:449][  0]LogDerivedDataCache: Display: Loaded Boot cache: C:/Users/theoa/AppData/Local/UnrealEngine/4.25/DerivedDataCache/Boot.ddc
[2020.10.19-16.16.23:449][  0]LogDerivedDataCache: FDerivedDataBackendGraph:  Pak pak cache file C:/Users/theoa/OneDrive/Documents/GitHub/Litterbox/Unreal proj/Litterbox/DerivedDataCache/DDC.ddp not found, will not use a pak cache.
[2020.10.19-16.16.23:449][  0]LogDerivedDataCache: Unable to find inner node Pak for hierarchical cache Hierarchy.
[2020.10.19-16.16.23:449][  0]LogDerivedDataCache: FDerivedDataBackendGraph:  CompressedPak pak cache file C:/Users/theoa/OneDrive/Documents/GitHub/Litterbox/Unreal proj/Litterbox/DerivedDataCache/Compressed.ddp not found, will not use a pak cache.
[2020.10.19-16.16.23:449][  0]LogDerivedDataCache: Unable to find inner node CompressedPak for hierarchical cache Hierarchy.
[2020.10.19-16.16.23:457][  0]LogDerivedDataCache: Display: Pak cache opened for reading ../../../Engine/DerivedDataCache/Compressed.ddp.
[2020.10.19-16.16.23:457][  0]LogDerivedDataCache: FDerivedDataBackendGraph:  EnterprisePak pak cache file ../../../Enterprise/DerivedDataCache/Compressed.ddp not found, will not use a pak cache.
[2020.10.19-16.16.23:457][  0]LogDerivedDataCache: Unable to find inner node EnterprisePak for hierarchical cache Hierarchy.
[2020.10.19-16.16.23:458][  0]LogDerivedDataCache: Using Local data cache path C:/Users/theoa/AppData/Local/UnrealEngine/Common/DerivedDataCache: Writable
[2020.10.19-16.16.23:458][  0]LogDerivedDataCache: Shared data cache path not found in *engine.ini, will not use an Shared cache.
[2020.10.19-16.16.23:458][  0]LogDerivedDataCache: Unable to find inner node Shared for hierarchical cache Hierarchy.
[2020.10.19-16.16.23:496][  0]LogSlate: Using FreeType 2.10.0
[2020.10.19-16.16.23:496][  0]LogSlate: SlateFontServices - WITH_FREETYPE: 1, WITH_HARFBUZZ: 1
[2020.10.19-16.16.23:516][  0]LogAssetRegistry: FAssetRegistry took 0.0022 seconds to start up
[2020.10.19-16.16.23:686][  0]LogInit: Selected Device Profile: [Windows]
[2020.10.19-16.16.23:789][  0]LogMeshReduction: Using QuadricMeshReduction for automatic static mesh reduction
[2020.10.19-16.16.23:789][  0]LogMeshReduction: Using SimplygonMeshReduction for automatic skeletal mesh reduction
[2020.10.19-16.16.23:789][  0]LogMeshReduction: Using ProxyLODMeshReduction for automatic mesh merging
[2020.10.19-16.16.23:789][  0]LogMeshReduction: No distributed automatic mesh merging module available
[2020.10.19-16.16.23:789][  0]LogMeshMerging: No distributed automatic mesh merging module available
[2020.10.19-16.16.23:802][  0]LogNetVersion: Litterbox 1.0.0, NetCL: 13144385, EngineNetVer: 14, GameNetVer: 0 (Checksum: 4287034506)
[2020.10.19-16.16.24:115][  0]LogAISub: UAISubsystem::UAISubsystem AISubsystem (000001A2D5789880), frame # 0
[2020.10.19-16.16.24:115][  0]LogAISub: UAISubsystem::UAISubsystem AIPerceptionSystem (000001A2D56D9E40), frame # 0
[2020.10.19-16.16.24:116][  0]LogAISub: UAISubsystem::UAISubsystem EnvQueryManager (000001A2D56DF000), frame # 0
[2020.10.19-16.16.24:172][  0]LogPackageLocalizationCache: Processed 19 localized package path(s) for 1 prioritized culture(s) in 0.051719 seconds
[2020.10.19-16.16.24:176][  0]LogUObjectArray: 15917 objects as part of root set at end of initial load.
[2020.10.19-16.16.24:176][  0]LogUObjectAllocator: 3965568 out of 0 bytes used by permanent object pool.
[2020.10.19-16.16.24:176][  0]LogUObjectArray: CloseDisregardForGC: 0/0 objects in disregard for GC pool
[2020.10.19-16.16.24:519][  0]LogTcpMessaging: Initializing TcpMessaging bridge
[2020.10.19-16.16.24:523][  0]LogUdpMessaging: Initializing bridge on interface 0.0.0.0:0 to multicast group 230.0.0.1:6666.
[2020.10.19-16.16.24:620][  0]SourceControl: Source control is disabled
[2020.10.19-16.16.24:620][  0]LogWindows: Warning: CreateProc failed: Le fichier spécifié est introuvable. (0x00000002)
[2020.10.19-16.16.24:620][  0]LogWindows: Warning: URL: D:/Programs/Git/bin/git.exe version
[2020.10.19-16.16.24:624][  0]LogWindows: Warning: CreateProc failed: Le fichier spécifié est introuvable. (0x00000002)
[2020.10.19-16.16.24:624][  0]LogWindows: Warning: URL: D:/Programs/Git/bin/git.exe version
[2020.10.19-16.16.24:627][  0]LogWindows: Warning: CreateProc failed: Le fichier spécifié est introuvable. (0x00000002)
[2020.10.19-16.16.24:627][  0]LogWindows: Warning: URL: D:/Programs/Git/bin/git.exe version
[2020.10.19-16.16.24:634][  0]LogWindows: Warning: CreateProc failed: Le fichier spécifié est introuvable. (0x00000002)
[2020.10.19-16.16.24:634][  0]LogWindows: Warning: URL: D:/Programs/Git/bin/git.exe version
[2020.10.19-16.16.24:893][  0]LogAndroidPermission: UAndroidPermissionCallbackProxy::GetInstance
[2020.10.19-16.16.24:918][  0]LogAudioCaptureCore: Display: No Audio Capture implementations found. Audio input will be silent.
[2020.10.19-16.16.24:918][  0]LogAudioCaptureCore: Display: No Audio Capture implementations found. Audio input will be silent.
[2020.10.19-16.16.24:967][  0]LogOcInput: OculusInput pre-init called
[2020.10.19-16.16.24:979][  0]LogWindows: Failed to load 'OVRPlugin.dll' (GetLastError=126)
[2020.10.19-16.16.24:979][  0]LogWindows: File 'OVRPlugin.dll' does not exist
[2020.10.19-16.16.25:038][  0]LogEngine: Initializing Engine...
[2020.10.19-16.16.25:039][  0]LogHMD: Failed to initialize OpenVR with code 110
[2020.10.19-16.16.25:039][  0]LogMagicLeap: Warning: VR disabled because ZI is not enabled.  To enable, in the editor, Edit -> Project Settings -> Plugins -> Magic Leap Plugin -> Enable Zero Iteration
[2020.10.19-16.16.25:040][  0]LogStats: UGameplayTagsManager::InitializeManager -  0.000 s
[2020.10.19-16.16.25:127][  0]LogInit: Initializing FReadOnlyCVARCache
[2020.10.19-16.16.25:134][  0]LogAIModule: Creating AISystem for world Untitled
[2020.10.19-16.16.25:134][  0]LogAISub: UAISubsystem::UAISubsystem EnvQueryManager (000001A2DF527C00), frame # 0
[2020.10.19-16.16.25:134][  0]LogAISub: UAISubsystem::UAISubsystem AIPerceptionSystem (000001A2DF566480), frame # 0
[2020.10.19-16.16.25:144][  0]LogAudioMixer: Display: Audio Mixer Platform Settings:
[2020.10.19-16.16.25:144][  0]LogAudioMixer: Display: 	Sample Rate:						  48000
[2020.10.19-16.16.25:144][  0]LogAudioMixer: Display: 	Callback Buffer Frame Size Requested: 1024
[2020.10.19-16.16.25:144][  0]LogAudioMixer: Display: 	Callback Buffer Frame Size To Use:	  1024
[2020.10.19-16.16.25:144][  0]LogAudioMixer: Display: 	Number of buffers to queue:			  2
[2020.10.19-16.16.25:144][  0]LogAudioMixer: Display: 	Max Channels (voices):				  32
[2020.10.19-16.16.25:144][  0]LogAudioMixer: Display: 	Number of Async Source Workers:		  0
[2020.10.19-16.16.25:144][  0]LogAudio: Display: AudioDevice MaxSources: 32
[2020.10.19-16.16.25:144][  0]LogAudio: Display: Using built-in audio occlusion.
[2020.10.19-16.16.25:144][  0]LogAudioMixer: Display: Initializing audio mixer.
[2020.10.19-16.16.26:352][  0]LogAudioMixer: Display: 0: FrontLeft
[2020.10.19-16.16.26:352][  0]LogAudioMixer: Display: 1: FrontRight
[2020.10.19-16.16.26:352][  0]LogAudioMixer: Display: 2: FrontCenter
[2020.10.19-16.16.26:352][  0]LogAudioMixer: Display: 3: LowFrequency
[2020.10.19-16.16.26:352][  0]LogAudioMixer: Display: 4: BackLeft
[2020.10.19-16.16.26:352][  0]LogAudioMixer: Display: 5: BackRight
[2020.10.19-16.16.26:352][  0]LogAudioMixer: Display: 6: SideLeft
[2020.10.19-16.16.26:352][  0]LogAudioMixer: Display: 7: SideRight
[2020.10.19-16.16.26:774][  0]LogAudioMixer: Display: Using Audio Device Casque pour téléphone (CORSAIR VOID PRO USB Gaming Headset)
[2020.10.19-16.16.26:775][  0]LogAudioMixer: Display: Initializing Sound Submixes...
[2020.10.19-16.16.26:777][  0]LogAudioMixer: Display: Creating Master Submix 'MasterSubmixDefault'
[2020.10.19-16.16.26:777][  0]LogAudioMixer: Display: Creating Master Submix 'MasterReverbSubmixDefault'
[2020.10.19-16.16.26:777][  0]LogAudioMixer: Display: Creating Master Submix 'MasterEQSubmixDefault'
[2020.10.19-16.16.26:778][  0]LogInit: FAudioDevice initialized.
[2020.10.19-16.16.26:778][  0]LogNetVersion: Set ProjectVersion to 1.0.0.0. Version Checksum will be recalculated on next use.
[2020.10.19-16.16.26:821][  0]LogDerivedDataCache: Saved boot cache 0.04s 95MB C:/Users/theoa/AppData/Local/UnrealEngine/4.25/DerivedDataCache/Boot.ddc.
[2020.10.19-16.16.26:823][  0]LogInit: Texture streaming: Enabled
[2020.10.19-16.16.26:910][  0]LogEngineSessionManager: EngineSessionManager initialized
[2020.10.19-16.16.26:910][  0]LogEditorSessionSummary: Verbose: Initializing EditorSessionSummaryWriter for editor session tracking
[2020.10.19-16.16.26:943][  0]LogEditorSessionSummary: EditorSessionSummaryWriter initialized
[2020.10.19-16.16.27:022][  0]LogInit: Transaction tracking system initialized
[2020.10.19-16.16.27:124][  0]BlueprintLog: New page: Editor Load
[2020.10.19-16.16.27:297][  0]LocalizationService: Localization service is disabled
[2020.10.19-16.16.27:438][  0]LogCook: Display: Max memory allowance for cook 16384mb min free memory 0mb
[2020.10.19-16.16.27:438][  0]LogCook: Display: Mobile HDR setting 1
[2020.10.19-16.16.27:569][  0]LogFileCache: Scanning file cache for directory 'C:/Users/theoa/OneDrive/Documents/GitHub/Litterbox/Unreal proj/Litterbox/Content/' took 0.01s
[2020.10.19-16.16.27:729][  0]LogWindows: Warning: CreateProc failed: Le fichier spécifié est introuvable. (0x00000002)
[2020.10.19-16.16.27:729][  0]LogWindows: Warning: URL: D:/Programs/Git/bin/git.exe version
[2020.10.19-16.16.27:729][  0]LogUnrealEdMisc: Loading editor; pre map load, took 7.501
[2020.10.19-16.16.27:730][  0]Cmd: MAP LOAD FILE="C:/Users/theoa/OneDrive/Documents/GitHub/Litterbox/Unreal proj/Litterbox/Content/VirtualRealityBP/Maps/StartupMap.umap" TEMPLATE=0 SHOWPROGRESS=1 FEATURELEVEL=3
[2020.10.19-16.16.27:730][  0]LightingResults: New page: Lighting Build
[2020.10.19-16.16.27:730][  0]LogWorld: UWorld::CleanupWorld for Untitled, bSessionEnded=true, bCleanupResources=true
[2020.10.19-16.16.27:730][  0]LogSlate: InvalidateAllWidgets triggered.  All widgets were invalidated
[2020.10.19-16.16.27:730][  0]MapCheck: New page: Map Check
[2020.10.19-16.16.27:730][  0]LightingResults: New page: Lighting Build
[2020.10.19-16.16.27:738][  0]LogAISub: UAISubsystem::~UAISubsystem EnvQueryManager (000001A2DF527C00), frame # 0
[2020.10.19-16.16.27:738][  0]LogAISub: UAISubsystem::~UAISubsystem AIPerceptionSystem (000001A2DF566480), frame # 0
[2020.10.19-16.16.27:739][  0]LogUObjectHash: Compacting FUObjectHashTables data took   0.46ms
[2020.10.19-16.16.27:755][  0]LogBlueprint: Warning: [Compiler PersistentLevel.StartupMap] OnActorBeginOverlap (None)  is referencing an Actor that no longer exists. Attached logic will never execute.
[2020.10.19-16.16.27:755][  0]LogBlueprint: Error: [Compiler PersistentLevel.StartupMap] Couldn't find object for bound event node  OnActorBeginOverlap (None)
[2020.10.19-16.16.27:784][  0]LogAIModule: Creating AISystem for world StartupMap
[2020.10.19-16.16.27:784][  0]LogAISub: UAISubsystem::UAISubsystem EnvQueryManager (000001A2CA5CA600), frame # 0
[2020.10.19-16.16.27:784][  0]LogAISub: UAISubsystem::UAISubsystem AIPerceptionSystem (000001A2CA5F2D40), frame # 0
[2020.10.19-16.16.27:787][  0]LogEditorServer: Finished looking for orphan Actors (0.000 secs)
[2020.10.19-16.16.27:795][  0]LogUObjectHash: Compacting FUObjectHashTables data took   0.49ms
[2020.10.19-16.16.27:796][  0]Cmd: MAP CHECKDEP NOCLEARLOG
[2020.10.19-16.16.27:796][  0]MapCheck: Map check complete: 0 Error(s), 0 Warning(s), took 0,14ms to complete.
[2020.10.19-16.16.27:796][  0]LogFileHelpers: Loading map 'StartupMap' took 0.066
[2020.10.19-16.16.27:797][  0]LogUnrealEdMisc: Total Editor Startup Time, took 7.569
[2020.10.19-16.16.27:936][  0]LogSlate: Updating window title bar state: overlay mode, drag disabled, window buttons hidden, title bar hidden
[2020.10.19-16.16.27:941][  0]LogSlate: Updating window title bar state: overlay mode, drag disabled, window buttons hidden, title bar hidden
[2020.10.19-16.16.27:947][  0]LogSlate: Updating window title bar state: overlay mode, drag disabled, window buttons hidden, title bar hidden
[2020.10.19-16.16.27:952][  0]LogSlate: Updating window title bar state: overlay mode, drag disabled, window buttons hidden, title bar hidden
[2020.10.19-16.16.27:959][  0]LogCollectionManager: Loaded 0 collections in 0.000728 seconds
[2020.10.19-16.16.27:968][  0]LogFileCache: Scanning file cache for directory 'C:/Users/theoa/OneDrive/Documents/GitHub/Litterbox/Unreal proj/Litterbox/Saved/Collections/' took 0.00s
[2020.10.19-16.16.27:968][  0]LogFileCache: Scanning file cache for directory 'C:/Users/theoa/OneDrive/Documents/GitHub/Litterbox/Unreal proj/Litterbox/Content/Developers/theoa/Collections/' took 0.00s
[2020.10.19-16.16.27:968][  0]LogFileCache: Scanning file cache for directory 'C:/Users/theoa/OneDrive/Documents/GitHub/Litterbox/Unreal proj/Litterbox/Content/Collections/' took 0.00s
[2020.10.19-16.16.27:968][  0]LogContentBrowser: Native class hierarchy populated in 0.0063 seconds. Added 3437 classes and 829 folders.
[2020.10.19-16.16.27:970][  0]LogContentBrowser: Native class hierarchy updated for 'WidgetCarousel' in 0.0002 seconds. Added 0 classes and 0 folders.
[2020.10.19-16.16.28:027][  0]LogContentBrowser: Native class hierarchy updated for 'AddContentDialog' in 0.0002 seconds. Added 0 classes and 0 folders.
[2020.10.19-16.16.28:028][  0]LogContentBrowser: Native class hierarchy updated for 'SceneOutliner' in 0.0002 seconds. Added 2 classes and 0 folders.
[2020.10.19-16.16.28:056][  0]LogContentBrowser: Native class hierarchy updated for 'HierarchicalLODOutliner' in 0.0002 seconds. Added 0 classes and 0 folders.
[2020.10.19-16.16.28:056][  0]LogLoad: (Engine Initialization) Total time: 7.83 seconds
[2020.10.19-16.16.28:056][  0]LogLoad: (Engine Initialization) Total Blueprint compile time: 0.00 seconds
[2020.10.19-16.16.28:091][  0]LogAssetRegistry: Asset discovery search completed in 4.5753 seconds
[2020.10.19-16.16.28:095][  0]LogAutoSizeComments: Loaded auto size comments cache: ../../../Engine/Plugins/Marketplace/AutoSizeComments/ASCCache/D65805B34DD66A0924D5B78CDA401DC1.json
[2020.10.19-16.16.28:095][  0]LogCollectionManager: Fixed up redirectors for 0 collections in 0.000002 seconds (updated 0 objects)
[2020.10.19-16.16.28:096][  0]LogContentStreaming: Texture pool size now 1000 MB
[2020.10.19-16.16.28:099][  0]LogSlate: Took 0.000166 seconds to synchronously load lazily loaded font '../../../Engine/Content/Slate/Fonts/Roboto-Regular.ttf' (155K)
[2020.10.19-16.16.28:101][  0]LogSlate: Took 0.000137 seconds to synchronously load lazily loaded font '../../../Engine/Content/Slate/Fonts/Roboto-Bold.ttf' (160K)
[2020.10.19-16.16.28:103][  0]LogSlate: Took 0.000147 seconds to synchronously load lazily loaded font '../../../Engine/Content/Editor/Slate/Fonts/FontAwesome.ttf' (139K)
[2020.10.19-16.16.28:323][  1]LogRenderer: Reallocating scene render targets to support 784x744 Format 26 NumSamples 1 (Frame:1).
[2020.10.19-16.16.28:324][  1]LogFileCache: Retrieving MD5 hashes for directory 'C:/Users/theoa/OneDrive/Documents/GitHub/Litterbox/Unreal proj/Litterbox/Content/' took 0.26s
[2020.10.19-16.16.29:082][ 86]LogSlate: Took 0.000160 seconds to synchronously load lazily loaded font '../../../Engine/Content/Slate/Fonts/Roboto-Light.ttf' (167K)
[2020.10.19-16.16.30:757][216]LogRenderer: Reallocating scene render targets to support 792x744 Format 26 NumSamples 1 (Frame:218).
[2020.10.19-16.16.30:814][216]LogRenderer: Reallocating scene render targets to support 816x744 Format 26 NumSamples 1 (Frame:219).
[2020.10.19-16.16.30:873][216]LogRenderer: Reallocating scene render targets to support 852x744 Format 26 NumSamples 1 (Frame:220).
[2020.10.19-16.16.30:923][216]LogRenderer: Reallocating scene render targets to support 884x744 Format 26 NumSamples 1 (Frame:221).
[2020.10.19-16.16.30:978][216]LogRenderer: Reallocating scene render targets to support 904x744 Format 26 NumSamples 1 (Frame:222).
[2020.10.19-16.16.31:029][216]LogRenderer: Reallocating scene render targets to support 920x744 Format 26 NumSamples 1 (Frame:223).
[2020.10.19-16.16.31:078][216]LogRenderer: Reallocating scene render targets to support 940x744 Format 26 NumSamples 1 (Frame:224).
[2020.10.19-16.16.31:147][216]LogRenderer: Reallocating scene render targets to support 960x744 Format 26 NumSamples 1 (Frame:225).
[2020.10.19-16.16.31:195][216]LogRenderer: Reallocating scene render targets to support 980x744 Format 26 NumSamples 1 (Frame:226).
[2020.10.19-16.16.31:245][216]LogRenderer: Reallocating scene render targets to support 996x744 Format 26 NumSamples 1 (Frame:227).
[2020.10.19-16.16.31:292][216]LogRenderer: Reallocating scene render targets to support 1012x744 Format 26 NumSamples 1 (Frame:228).
[2020.10.19-16.16.31:343][216]LogRenderer: Reallocating scene render targets to support 1020x744 Format 26 NumSamples 1 (Frame:229).
[2020.10.19-16.16.31:391][216]LogRenderer: Reallocating scene render targets to support 1024x744 Format 26 NumSamples 1 (Frame:230).
[2020.10.19-16.16.34:561][482]LogAssetEditorSubsystem: Opening Asset editor for World /Game/Théo/Théo.Théo
[2020.10.19-16.16.34:571][482]LogUObjectHash: Compacting FUObjectHashTables data took   0.65ms
[2020.10.19-16.16.34:572][482]Cmd: MAP LOAD FILE="C:/Users/theoa/OneDrive/Documents/GitHub/Litterbox/Unreal proj/Litterbox/Content/Théo/Théo.umap" TEMPLATE=0 SHOWPROGRESS=1 FEATURELEVEL=3
[2020.10.19-16.16.34:572][482]LightingResults: New page: Lighting Build
[2020.10.19-16.16.34:572][482]LoadErrors: New page: Loading map: Théo.umap
[2020.10.19-16.16.34:576][482]LogWorld: UWorld::CleanupWorld for StartupMap, bSessionEnded=true, bCleanupResources=true
[2020.10.19-16.16.34:576][482]LogSlate: InvalidateAllWidgets triggered.  All widgets were invalidated
[2020.10.19-16.16.34:576][482]MapCheck: New page: Map Check
[2020.10.19-16.16.34:576][482]LightingResults: New page: Lighting Build
[2020.10.19-16.16.34:585][482]LogAISub: UAISubsystem::~UAISubsystem EnvQueryManager (000001A2CA5CA600), frame # 482
[2020.10.19-16.16.34:585][482]LogAISub: UAISubsystem::~UAISubsystem AIPerceptionSystem (000001A2CA5F2D40), frame # 482
[2020.10.19-16.16.34:585][482]LogUObjectHash: Compacting FUObjectHashTables data took   0.63ms
[2020.10.19-16.16.34:600][482]LogEditorServer: Finished looking for orphan Actors (0.000 secs)
[2020.10.19-16.16.34:600][482]LogAIModule: Creating AISystem for world Théo
[2020.10.19-16.16.34:600][482]LogAISub: UAISubsystem::UAISubsystem EnvQueryManager (000001A2DF00AE00), frame # 482
[2020.10.19-16.16.34:600][482]LogAISub: UAISubsystem::UAISubsystem AIPerceptionSystem (000001A2CA536E80), frame # 482
[2020.10.19-16.16.34:612][482]LogUObjectHash: Compacting FUObjectHashTables data took   0.45ms
[2020.10.19-16.16.34:645][482]Cmd: MAP CHECKDEP NOCLEARLOG
[2020.10.19-16.16.34:645][482]MapCheck: Map check complete: 0 Error(s), 0 Warning(s), took 0,141ms to complete.
[2020.10.19-16.16.34:645][482]LogFileHelpers: Loading map 'Théo' took 0.073
[2020.10.19-16.16.35:933][627]LogEditorViewport: Clicking on Actor (LMB): Door_C (Door)
[2020.10.19-16.16.40:291][140]PIE: Warning: Constraint in '/Engine/Transient.World_0:PersistentLevel.Door_C_0.PhysicsConstraint' attempting to create a joint between objects that are both static.  No joint created.
[2020.10.19-16.16.41:664][267]LogAssetEditorSubsystem: Opening Asset editor for Blueprint /Game/VirtualRealityBP/Blueprints/Door.Door
[2020.10.19-16.16.41:824][267]LogContentBrowser: Native class hierarchy updated for 'BlueprintGraph' in 0.0004 seconds. Added 125 classes and 0 folders.
[2020.10.19-16.16.42:548][267]LogSlate: Took 0.000154 seconds to synchronously load lazily loaded font '../../../Engine/Content/Slate/Fonts/Roboto-BoldCondensed.ttf' (158K)
[2020.10.19-16.16.43:861][412]LogSlate: Took 0.000193 seconds to synchronously load lazily loaded font '../../../Engine/Content/Slate/Fonts/Roboto-Italic.ttf' (157K)
[2020.10.19-16.16.44:351][457]LogRenderer: Reallocating scene render targets to support 1024x904 Format 26 NumSamples 1 (Frame:1).
[2020.10.19-16.19.28:055][241]BlueprintLog: New page: Compile Door
[2020.10.19-16.19.28:091][241]LogUObjectHash: Compacting FUObjectHashTables data took   1.48ms
[2020.10.19-16.19.28:095][241]PIE: Warning: Constraint in '/Engine/Transient.World_0:PersistentLevel.Door_C_1.PhysicsConstraint' attempting to create a joint between objects that are both static.  No joint created.
[2020.10.19-16.19.28:129][241]LogSlate: Took 0.000400 seconds to synchronously load lazily loaded font '../../../Engine/Content/Slate/Fonts/DroidSansMono.ttf' (77K)
[2020.10.19-16.19.28:786][305]LogSavePackage: Moving 'C:/Users/theoa/OneDrive/Documents/GitHub/Litterbox/Unreal proj/Litterbox/Saved/DoorEDA6147C4C213A87F20A44AD318F08DC.tmp' to 'C:/Users/theoa/OneDrive/Documents/GitHub/Litterbox/Unreal proj/Litterbox/Content/VirtualRealityBP/Blueprints/Door.uasset'
[2020.10.19-16.19.28:802][305]AssetCheck: New page: Asset Save: Door
[2020.10.19-16.19.28:802][305]LogContentValidation: Display: Validating Blueprint /Game/VirtualRealityBP/Blueprints/Door.Door
[2020.10.19-16.19.30:684][511]LogSlate: Window 'Door' being destroyed
[2020.10.19-16.19.30:689][511]LogSlate: Window 'Door' being destroyed
[2020.10.19-16.19.30:698][511]LogWorld: UWorld::CleanupWorld for World_3, bSessionEnded=true, bCleanupResources=true
[2020.10.19-16.19.30:698][511]LogSlate: InvalidateAllWidgets triggered.  All widgets were invalidated
